2019-05-20 16:44:16.314 - begin init redis...
2019-05-20 16:44:16.388 - init redis success...
2019-05-20 16:44:17.003 - onSubscribe:/mpush/kick/172.17.0.1:3001,1
2019-05-20 16:49:47.651 - begin init redis...
2019-05-20 17:09:27.053 - begin init redis...
2019-05-20 17:09:27.112 - init redis success...
2019-05-20 17:09:27.849 - onSubscribe:/mpush/kick/172.17.0.1:3001,1
2019-05-20 17:10:58.118 - redis ex
redis.clients.jedis.exceptions.JedisConnectionException: Unexpected end of stream.
	at redis.clients.util.RedisInputStream.ensureFill(RedisInputStream.java:199)
	at redis.clients.util.RedisInputStream.readByte(RedisInputStream.java:40)
	at redis.clients.jedis.Protocol.process(Protocol.java:151)
	at redis.clients.jedis.Protocol.read(Protocol.java:215)
	at redis.clients.jedis.Connection.readProtocolWithCheckingBroken(Connection.java:340)
	at redis.clients.jedis.Connection.getRawObjectMultiBulkReply(Connection.java:285)
	at redis.clients.jedis.JedisPubSub.process(JedisPubSub.java:121)
	at redis.clients.jedis.JedisPubSub.proceed(JedisPubSub.java:115)
	at redis.clients.jedis.Jedis.subscribe(Jedis.java:2680)
	at com.mpush.cache.redis.manager.RedisManager.lambda$null$24(RedisManager.java:332)
	at com.mpush.cache.redis.manager.RedisManager.call(RedisManager.java:87)
	at com.mpush.cache.redis.manager.RedisManager.lambda$subscribe$25(RedisManager.java:330)
	at java.lang.Thread.run(Thread.java:748)
2019-05-20 17:10:58.134 - redis ex
redis.clients.jedis.exceptions.JedisConnectionException: Unexpected end of stream.
	at redis.clients.util.RedisInputStream.ensureFill(RedisInputStream.java:199)
	at redis.clients.util.RedisInputStream.readByte(RedisInputStream.java:40)
	at redis.clients.jedis.Protocol.process(Protocol.java:151)
	at redis.clients.jedis.Protocol.read(Protocol.java:215)
	at redis.clients.jedis.Connection.readProtocolWithCheckingBroken(Connection.java:340)
	at redis.clients.jedis.Connection.getIntegerReply(Connection.java:265)
	at redis.clients.jedis.Jedis.del(Jedis.java:197)
	at com.mpush.cache.redis.manager.RedisManager.lambda$del$4(RedisManager.java:144)
	at com.mpush.cache.redis.manager.RedisManager.call(RedisManager.java:87)
	at com.mpush.cache.redis.manager.RedisManager.del(RedisManager.java:144)
	at com.mpush.common.user.UserManager.clearUserOnlineData(UserManager.java:80)
	at com.mpush.core.router.RouterCenter.doStop(RouterCenter.java:65)
	at com.mpush.api.service.BaseService.tryStop(BaseService.java:67)
	at com.mpush.api.service.BaseService.stop(BaseService.java:111)
	at com.mpush.api.service.BaseService.stop(BaseService.java:90)
	at com.mpush.bootstrap.job.RouterCenterBoot.stop(RouterCenterBoot.java:45)
	at com.mpush.bootstrap.job.BootJob.stopNext(BootJob.java:47)
	at com.mpush.bootstrap.job.ServerBoot.stop(ServerBoot.java:66)
	at com.mpush.bootstrap.job.BootJob.stopNext(BootJob.java:47)
	at com.mpush.bootstrap.job.ServerBoot.stop(ServerBoot.java:66)
	at com.mpush.bootstrap.job.BootJob.stopNext(BootJob.java:47)
	at com.mpush.bootstrap.job.ServerBoot.stop(ServerBoot.java:66)
	at com.mpush.bootstrap.job.BootJob.stopNext(BootJob.java:47)
	at com.mpush.bootstrap.job.ServiceDiscoveryBoot.stop(ServiceDiscoveryBoot.java:43)
	at com.mpush.bootstrap.job.BootJob.stopNext(BootJob.java:47)
	at com.mpush.bootstrap.job.ServiceRegistryBoot.stop(ServiceRegistryBoot.java:41)
	at com.mpush.bootstrap.job.BootJob.stopNext(BootJob.java:47)
	at com.mpush.bootstrap.job.CacheManagerBoot.stop(CacheManagerBoot.java:41)
	at com.mpush.bootstrap.job.BootJob.stopNext(BootJob.java:47)
	at com.mpush.bootstrap.job.BootChain$1.stop(BootChain.java:49)
	at com.mpush.bootstrap.job.BootChain.stop(BootChain.java:64)
	at com.mpush.bootstrap.ServerLauncher.stop(ServerLauncher.java:78)
	at com.mpush.bootstrap.Main.lambda$addHook$0(Main.java:54)
	at java.lang.Thread.run(Thread.java:748)
2019-05-20 17:15:42.260 - begin init redis...
2019-05-20 17:15:42.339 - init redis success...
2019-05-20 17:15:43.088 - onSubscribe:/mpush/kick/172.17.0.1:3001,1
2019-05-20 17:36:38.025 - begin init redis...
2019-05-20 17:36:38.109 - init redis success...
2019-05-20 17:36:38.903 - onSubscribe:/mpush/kick/172.17.0.1:3001,1
2019-05-20 17:44:47.359 - begin init redis...
2019-05-20 17:44:47.415 - init redis success...
2019-05-20 17:44:47.987 - onSubscribe:/mpush/kick/192.168.3.26:3001,1
2019-05-20 18:12:15.325 - redis ex
redis.clients.jedis.exceptions.JedisConnectionException: Unexpected end of stream.
	at redis.clients.util.RedisInputStream.ensureFill(RedisInputStream.java:199)
	at redis.clients.util.RedisInputStream.readByte(RedisInputStream.java:40)
	at redis.clients.jedis.Protocol.process(Protocol.java:151)
	at redis.clients.jedis.Protocol.read(Protocol.java:215)
	at redis.clients.jedis.Connection.readProtocolWithCheckingBroken(Connection.java:340)
	at redis.clients.jedis.Connection.getRawObjectMultiBulkReply(Connection.java:285)
	at redis.clients.jedis.JedisPubSub.process(JedisPubSub.java:121)
	at redis.clients.jedis.JedisPubSub.proceed(JedisPubSub.java:115)
	at redis.clients.jedis.Jedis.subscribe(Jedis.java:2680)
	at com.mpush.cache.redis.manager.RedisManager.lambda$null$24(RedisManager.java:332)
	at com.mpush.cache.redis.manager.RedisManager.call(RedisManager.java:87)
	at com.mpush.cache.redis.manager.RedisManager.lambda$subscribe$25(RedisManager.java:330)
	at java.lang.Thread.run(Thread.java:748)
2019-05-20 18:12:15.345 - redis ex
redis.clients.jedis.exceptions.JedisConnectionException: Unexpected end of stream.
	at redis.clients.util.RedisInputStream.ensureFill(RedisInputStream.java:199)
	at redis.clients.util.RedisInputStream.readByte(RedisInputStream.java:40)
	at redis.clients.jedis.Protocol.process(Protocol.java:151)
	at redis.clients.jedis.Protocol.read(Protocol.java:215)
	at redis.clients.jedis.Connection.readProtocolWithCheckingBroken(Connection.java:340)
	at redis.clients.jedis.Connection.getIntegerReply(Connection.java:265)
	at redis.clients.jedis.Jedis.del(Jedis.java:197)
	at com.mpush.cache.redis.manager.RedisManager.lambda$del$4(RedisManager.java:144)
	at com.mpush.cache.redis.manager.RedisManager.call(RedisManager.java:87)
	at com.mpush.cache.redis.manager.RedisManager.del(RedisManager.java:144)
	at com.mpush.common.user.UserManager.clearUserOnlineData(UserManager.java:80)
	at com.mpush.core.router.RouterCenter.doStop(RouterCenter.java:65)
	at com.mpush.api.service.BaseService.tryStop(BaseService.java:67)
	at com.mpush.api.service.BaseService.stop(BaseService.java:111)
	at com.mpush.api.service.BaseService.stop(BaseService.java:90)
	at com.mpush.bootstrap.job.RouterCenterBoot.stop(RouterCenterBoot.java:45)
	at com.mpush.bootstrap.job.BootJob.stopNext(BootJob.java:47)
	at com.mpush.bootstrap.job.ServerBoot.stop(ServerBoot.java:66)
	at com.mpush.bootstrap.job.BootJob.stopNext(BootJob.java:47)
	at com.mpush.bootstrap.job.ServerBoot.stop(ServerBoot.java:66)
	at com.mpush.bootstrap.job.BootJob.stopNext(BootJob.java:47)
	at com.mpush.bootstrap.job.ServerBoot.stop(ServerBoot.java:66)
	at com.mpush.bootstrap.job.BootJob.stopNext(BootJob.java:47)
	at com.mpush.bootstrap.job.ServiceDiscoveryBoot.stop(ServiceDiscoveryBoot.java:43)
	at com.mpush.bootstrap.job.BootJob.stopNext(BootJob.java:47)
	at com.mpush.bootstrap.job.ServiceRegistryBoot.stop(ServiceRegistryBoot.java:41)
	at com.mpush.bootstrap.job.BootJob.stopNext(BootJob.java:47)
	at com.mpush.bootstrap.job.CacheManagerBoot.stop(CacheManagerBoot.java:41)
	at com.mpush.bootstrap.job.BootJob.stopNext(BootJob.java:47)
	at com.mpush.bootstrap.job.BootChain$1.stop(BootChain.java:49)
	at com.mpush.bootstrap.job.BootChain.stop(BootChain.java:64)
	at com.mpush.bootstrap.ServerLauncher.stop(ServerLauncher.java:78)
	at com.mpush.bootstrap.Main.lambda$addHook$0(Main.java:54)
	at java.lang.Thread.run(Thread.java:748)
